CompSci Project/app/build/intermediates/manifest_merge_blame_file/debug/manifest-merger-blame-debug-report.txt
1<?xml version="1.0" encoding="utf-8"?>
2<manifest xmlns:android="http://schemas.android.com/apk/res/android"
3    package="com.example.theatreticketsapp"
4    android:versionCode="1"
5    android:versionName="1.0" >
6
7    <uses-sdk
8        android:minSdkVersion="28"
8-->src/main/AndroidManifest.xml
9        android:targetSdkVersion="29" />
9-->src/main/AndroidManifest.xml
10    <!--
11         The ACCESS_COARSE/FINE_LOCATION permissions are not required to use
12         Google Maps Android API v2, but you must specify either coarse or fine
13         location permissions for the 'MyLocation' functionality.
14    -->
15    <uses-permission android:name="android.permission.ACCESS_FINE_LOCATION" />
15-->src/main/AndroidManifest.xml:9:5-79
15-->src/main/AndroidManifest.xml:9:22-76
16    <uses-permission android:name="android.permission.INTERNET" />
16-->src/main/AndroidManifest.xml:10:5-67
16-->src/main/AndroidManifest.xml:10:22-64
17    <uses-permission android:name="android.permission.BLUETOOTH" />
17-->[com.paypal.retail:here-sdk-debug:2.0.0.201801] AndroidManifest.xml:11:5-68
17-->[com.paypal.retail:here-sdk-debug:2.0.0.201801] AndroidManifest.xml:11:22-65
18    <uses-permission android:name="android.permission.BLUETOOTH_ADMIN" />
18-->[com.paypal.retail:here-sdk-debug:2.0.0.201801] AndroidManifest.xml:12:5-74
18-->[com.paypal.retail:here-sdk-debug:2.0.0.201801] AndroidManifest.xml:12:22-71
19    <uses-permission android:name="android.permission.RECORD_AUDIO" />
19-->[com.paypal.retail:here-sdk-debug:2.0.0.201801] AndroidManifest.xml:13:5-71
19-->[com.paypal.retail:here-sdk-debug:2.0.0.201801] AndroidManifest.xml:13:22-68
20    <uses-permission android:name="android.permission.ACCESS_COARSE_LOCATION" />
20-->[com.paypal.retail:here-sdk-debug:2.0.0.201801] AndroidManifest.xml:14:5-81
20-->[com.paypal.retail:here-sdk-debug:2.0.0.201801] AndroidManifest.xml:14:22-78
21    <uses-permission android:name="android.permission.ACCESS_NETWORK_STATE" />
21-->[com.paypal.sdk:paypal-android-sdk:2.15.3] AndroidManifest.xml:9:5-79
21-->[com.paypal.sdk:paypal-android-sdk:2.15.3] AndroidManifest.xml:9:22-76
22
23    <uses-feature
23-->[com.google.android.gms:play-services-maps:17.0.0] AndroidManifest.xml:26:5-28:35
24        android:glEsVersion="0x00020000"
24-->[com.google.android.gms:play-services-maps:17.0.0] AndroidManifest.xml:27:9-41
25        android:required="true" />
25-->[com.google.android.gms:play-services-maps:17.0.0] AndroidManifest.xml:28:9-32
26
27    <uses-permission android:name="android.permission.CAMERA" />
27-->[io.card:android-sdk:5.5.0] AndroidManifest.xml:9:5-65
27-->[io.card:android-sdk:5.5.0] AndroidManifest.xml:9:22-62
28    <uses-permission android:name="android.permission.VIBRATE" />
28-->[io.card:android-sdk:5.5.0] AndroidManifest.xml:10:5-66
28-->[io.card:android-sdk:5.5.0] AndroidManifest.xml:10:22-63
29
30    <uses-feature
30-->[io.card:android-sdk:5.5.0] AndroidManifest.xml:12:5-14:36
31        android:name="android.hardware.camera"
31-->[io.card:android-sdk:5.5.0] AndroidManifest.xml:13:9-47
32        android:required="false" />
32-->[io.card:android-sdk:5.5.0] AndroidManifest.xml:14:9-33
33    <uses-feature
33-->[io.card:android-sdk:5.5.0] AndroidManifest.xml:15:5-17:36
34        android:name="android.hardware.camera.autofocus"
34-->[io.card:android-sdk:5.5.0] AndroidManifest.xml:16:9-57
35        android:required="false" />
35-->[io.card:android-sdk:5.5.0] AndroidManifest.xml:17:9-33
36
37    <application
37-->src/main/AndroidManifest.xml:12:5-88:19
38        android:allowBackup="true"
38-->src/main/AndroidManifest.xml:13:9-35
39        android:appComponentFactory="androidx.core.app.CoreComponentFactory"
39-->[androidx.core:core:1.1.0] AndroidManifest.xml:24:18-86
40        android:debuggable="true"
41        android:icon="@mipmap/ic_launcher"
41-->src/main/AndroidManifest.xml:14:9-43
42        android:label="@string/app_name"
42-->src/main/AndroidManifest.xml:15:9-41
43        android:roundIcon="@mipmap/ic_launcher_round"
43-->src/main/AndroidManifest.xml:16:9-54
44        android:supportsRtl="true"
44-->src/main/AndroidManifest.xml:17:9-35
45        android:testOnly="true"
46        android:theme="@style/AppTheme"
46-->src/main/AndroidManifest.xml:18:9-40
47        android:usesCleartextTraffic="true" >
47-->src/main/AndroidManifest.xml:19:9-44
48        <activity android:name="com.example.theatreticketsapp.ViewBooking" />
48-->src/main/AndroidManifest.xml:20:9-58
48-->src/main/AndroidManifest.xml:20:19-46
49        <activity android:name="com.example.theatreticketsapp.Checkout" />
49-->src/main/AndroidManifest.xml:21:9-46
49-->src/main/AndroidManifest.xml:21:19-43
50        <activity android:name="com.example.theatreticketsapp.ViewReviews" />
50-->src/main/AndroidManifest.xml:22:9-49
50-->src/main/AndroidManifest.xml:22:19-46
51        <activity android:name="com.example.theatreticketsapp.ViewVenue" />
51-->src/main/AndroidManifest.xml:23:9-47
51-->src/main/AndroidManifest.xml:23:19-44
52        <!--
53             The API key for Google Maps-based APIs is defined as a string resource.
54             (See the file "res/values/google_maps_api.xml").
55             Note that the API key is linked to the encryption key used to sign the APK.
56             You need a different API key for each encryption key, including the release key that is used to
57             sign the APK for publishing.
58             You can define the keys for the debug and release targets in src/debug/ and src/release/.
59        -->
60        <meta-data
60-->src/main/AndroidManifest.xml:32:9-34:55
61            android:name="com.google.android.geo.API_KEY"
61-->src/main/AndroidManifest.xml:33:13-58
62            android:value="@string/google_maps_key" />
62-->src/main/AndroidManifest.xml:34:13-52
63
64        <activity
64-->src/main/AndroidManifest.xml:36:9-38:59
65            android:name="com.example.theatreticketsapp.MapsActivity"
65-->src/main/AndroidManifest.xml:37:13-41
66            android:label="@string/title_activity_maps" />
66-->src/main/AndroidManifest.xml:38:13-56
67        <activity
67-->src/main/AndroidManifest.xml:39:9-42:59
68            android:name="com.example.theatreticketsapp.ViewTickets"
68-->src/main/AndroidManifest.xml:40:13-40
69            android:label="@string/title_activity_view_tickets"
69-->src/main/AndroidManifest.xml:41:13-64
70            android:theme="@style/AppTheme.NoActionBar" />
70-->src/main/AndroidManifest.xml:42:13-56
71        <activity
71-->src/main/AndroidManifest.xml:43:9-46:59
72            android:name="com.example.theatreticketsapp.CreateReview"
72-->src/main/AndroidManifest.xml:44:13-41
73            android:label="@string/title_activity_create_review"
73-->src/main/AndroidManifest.xml:45:13-65
74            android:theme="@style/AppTheme.NoActionBar" />
74-->src/main/AndroidManifest.xml:46:13-56
75        <activity
75-->src/main/AndroidManifest.xml:47:9-49:61
76            android:name="com.example.theatreticketsapp.MyBasket"
76-->src/main/AndroidManifest.xml:48:13-37
77            android:label="@string/title_activity_basket" />
77-->src/main/AndroidManifest.xml:49:13-58
78        <activity
78-->src/main/AndroidManifest.xml:50:9-52:59
79            android:name="com.example.theatreticketsapp.Homepage"
79-->src/main/AndroidManifest.xml:51:13-37
80            android:theme="@style/AppTheme.NoActionBar" />
80-->src/main/AndroidManifest.xml:52:13-56
81        <activity
81-->src/main/AndroidManifest.xml:53:9-55:59
82            android:name="com.example.theatreticketsapp.ChooseTickets"
82-->src/main/AndroidManifest.xml:54:13-42
83            android:theme="@style/AppTheme.NoActionBar" />
83-->src/main/AndroidManifest.xml:55:13-56
84        <activity
84-->src/main/AndroidManifest.xml:56:9-58:59
85            android:name="com.example.theatreticketsapp.ChooseDate"
85-->src/main/AndroidManifest.xml:57:13-39
86            android:theme="@style/AppTheme.NoActionBar" />
86-->src/main/AndroidManifest.xml:58:13-56
87
88        <meta-data
88-->src/main/AndroidManifest.xml:60:9-62:60
89            android:name="com.google.android.actions"
89-->src/main/AndroidManifest.xml:61:13-54
90            android:resource="@transition/slide_in_down" />
90-->src/main/AndroidManifest.xml:62:13-57
91
92        <activity
92-->src/main/AndroidManifest.xml:64:9-67:59
93            android:name="com.example.theatreticketsapp.MyAccount"
93-->src/main/AndroidManifest.xml:65:13-38
94            android:label="My Account"
94-->src/main/AndroidManifest.xml:66:13-39
95            android:theme="@style/AppTheme.NoActionBar" />
95-->src/main/AndroidManifest.xml:67:13-56
96        <activity
96-->src/main/AndroidManifest.xml:68:9-71:59
97            android:name="com.example.theatreticketsapp.MyBookings"
97-->src/main/AndroidManifest.xml:69:13-39
98            android:label="My Bookings"
98-->src/main/AndroidManifest.xml:70:13-40
99            android:theme="@style/AppTheme.NoActionBar" />
99-->src/main/AndroidManifest.xml:71:13-56
100        <activity
100-->src/main/AndroidManifest.xml:72:9-75:59
101            android:name="com.example.theatreticketsapp.Explore"
101-->src/main/AndroidManifest.xml:73:13-36
102            android:label="Explore"
102-->src/main/AndroidManifest.xml:74:13-36
103            android:theme="@style/AppTheme.NoActionBar" />
103-->src/main/AndroidManifest.xml:75:13-56
104        <activity
104-->src/main/AndroidManifest.xml:76:9-79:59
105            android:name="com.example.theatreticketsapp.ShowInformation"
105-->src/main/AndroidManifest.xml:77:13-44
106            android:label="@string/title_activity_selected_show"
106-->src/main/AndroidManifest.xml:78:13-65
107            android:theme="@style/AppTheme.NoActionBar" />
107-->src/main/AndroidManifest.xml:79:13-56
108        <activity android:name="com.example.theatreticketsapp.Register" />
108-->src/main/AndroidManifest.xml:80:9-46
108-->src/main/AndroidManifest.xml:80:19-43
109        <activity android:name="com.example.theatreticketsapp.Login" >
109-->src/main/AndroidManifest.xml:81:9-87:20
109-->src/main/AndroidManifest.xml:81:19-40
110            <intent-filter>
110-->src/main/AndroidManifest.xml:82:13-86:29
111                <action android:name="android.intent.action.MAIN" />
111-->src/main/AndroidManifest.xml:83:17-69
111-->src/main/AndroidManifest.xml:83:25-66
112
113                <category android:name="android.intent.category.LAUNCHER" />
113-->src/main/AndroidManifest.xml:85:17-77
113-->src/main/AndroidManifest.xml:85:27-74
114            </intent-filter>
115        </activity>
116        <activity
116-->[com.paypal.retail:here-sdk-debug:2.0.0.201801] AndroidManifest.xml:18:9-22:53
117            android:name="com.paypal.paypalretailsdk.ui.receipt.ReceiptOptionsActivity"
117-->[com.paypal.retail:here-sdk-debug:2.0.0.201801] AndroidManifest.xml:19:13-88
118            android:configChanges="keyboardHidden|orientation|screenSize|screenLayout"
118-->[com.paypal.retail:here-sdk-debug:2.0.0.201801] AndroidManifest.xml:20:13-87
119            android:label="@string/title_activity_receipt_options"
119-->[com.paypal.retail:here-sdk-debug:2.0.0.201801] AndroidManifest.xml:21:13-67
120            android:theme="@style/Theme.SDK.Base" />
120-->[com.paypal.retail:here-sdk-debug:2.0.0.201801] AndroidManifest.xml:22:13-50
121        <activity
121-->[com.paypal.retail:here-sdk-debug:2.0.0.201801] AndroidManifest.xml:23:9-27:53
122            android:name="com.paypal.paypalretailsdk.ui.receipt.ReceiptSendToActivity"
122-->[com.paypal.retail:here-sdk-debug:2.0.0.201801] AndroidManifest.xml:24:13-87
123            android:configChanges="keyboardHidden|orientation|screenSize|screenLayout"
123-->[com.paypal.retail:here-sdk-debug:2.0.0.201801] AndroidManifest.xml:25:13-87
124            android:label="@string/title_activity_receipt_options"
124-->[com.paypal.retail:here-sdk-debug:2.0.0.201801] AndroidManifest.xml:26:13-67
125            android:theme="@style/Theme.SDK.Base" />
125-->[com.paypal.retail:here-sdk-debug:2.0.0.201801] AndroidManifest.xml:27:13-50
126        <activity
126-->[com.paypal.retail:here-sdk-debug:2.0.0.201801] AndroidManifest.xml:28:9-33:53
127            android:name="com.paypal.paypalretailsdk.ui.signature.SignatureActivity"
127-->[com.paypal.retail:here-sdk-debug:2.0.0.201801] AndroidManifest.xml:29:13-85
128            android:configChanges="keyboardHidden|orientation|screenSize|screenLayout"
128-->[com.paypal.retail:here-sdk-debug:2.0.0.201801] AndroidManifest.xml:30:13-87
129            android:exported="true"
129-->[com.paypal.retail:here-sdk-debug:2.0.0.201801] AndroidManifest.xml:31:13-36
130            android:label="@string/app_name"
130-->[com.paypal.retail:here-sdk-debug:2.0.0.201801] AndroidManifest.xml:32:13-45
131            android:theme="@style/Theme.SDK.Base" />
131-->[com.paypal.retail:here-sdk-debug:2.0.0.201801] AndroidManifest.xml:33:13-50
132        <activity
132-->[com.paypal.retail:here-sdk-debug:2.0.0.201801] AndroidManifest.xml:34:9-37:67
133            android:name="com.paypal.paypalretailsdk.ui.dialogs.SDKDialogActivity"
133-->[com.paypal.retail:here-sdk-debug:2.0.0.201801] AndroidManifest.xml:35:13-83
134            android:configChanges="keyboardHidden|orientation|screenSize|screenLayout"
134-->[com.paypal.retail:here-sdk-debug:2.0.0.201801] AndroidManifest.xml:36:13-87
135            android:theme="@style/Theme.SDK.Dialog.Transparent" />
135-->[com.paypal.retail:here-sdk-debug:2.0.0.201801] AndroidManifest.xml:37:13-64
136        <activity
136-->[com.paypal.retail:here-sdk-debug:2.0.0.201801] AndroidManifest.xml:38:9-43:67
137            android:name="com.paypal.paypalretailsdk.ui.DeviceConnectionActivity"
137-->[com.paypal.retail:here-sdk-debug:2.0.0.201801] AndroidManifest.xml:39:13-82
138            android:configChanges="keyboardHidden|orientation|screenSize|screenLayout"
138-->[com.paypal.retail:here-sdk-debug:2.0.0.201801] AndroidManifest.xml:40:13-87
139            android:label="@string/DeviceConnectionActivity"
139-->[com.paypal.retail:here-sdk-debug:2.0.0.201801] AndroidManifest.xml:41:13-61
140            android:launchMode="singleTop"
140-->[com.paypal.retail:here-sdk-debug:2.0.0.201801] AndroidManifest.xml:42:13-43
141            android:theme="@style/Theme.SDK.Dialog.Transparent" />
141-->[com.paypal.retail:here-sdk-debug:2.0.0.201801] AndroidManifest.xml:43:13-64
142        <activity android:name="com.paypal.android.sdk.payments.PaymentActivity" />
142-->[com.paypal.sdk:paypal-android-sdk:2.15.3] AndroidManifest.xml:13:9-84
142-->[com.paypal.sdk:paypal-android-sdk:2.15.3] AndroidManifest.xml:13:19-81
143        <activity android:name="com.paypal.android.sdk.payments.PaymentMethodActivity" />
143-->[com.paypal.sdk:paypal-android-sdk:2.15.3] AndroidManifest.xml:14:9-90
143-->[com.paypal.sdk:paypal-android-sdk:2.15.3] AndroidManifest.xml:14:19-87
144        <activity android:name="com.paypal.android.sdk.payments.PaymentConfirmActivity" />
144-->[com.paypal.sdk:paypal-android-sdk:2.15.3] AndroidManifest.xml:15:9-91
144-->[com.paypal.sdk:paypal-android-sdk:2.15.3] AndroidManifest.xml:15:19-88
145        <activity android:name="com.paypal.android.sdk.payments.LoginActivity" />
145-->[com.paypal.sdk:paypal-android-sdk:2.15.3] AndroidManifest.xml:16:9-82
145-->[com.paypal.sdk:paypal-android-sdk:2.15.3] AndroidManifest.xml:16:19-79
146        <activity android:name="com.paypal.android.sdk.payments.PayPalFuturePaymentActivity" />
146-->[com.paypal.sdk:paypal-android-sdk:2.15.3] AndroidManifest.xml:17:9-96
146-->[com.paypal.sdk:paypal-android-sdk:2.15.3] AndroidManifest.xml:17:19-93
147        <activity android:name="com.paypal.android.sdk.payments.FuturePaymentConsentActivity" />
147-->[com.paypal.sdk:paypal-android-sdk:2.15.3] AndroidManifest.xml:18:9-97
147-->[com.paypal.sdk:paypal-android-sdk:2.15.3] AndroidManifest.xml:18:19-94
148        <activity android:name="com.paypal.android.sdk.payments.FuturePaymentInfoActivity" />
148-->[com.paypal.sdk:paypal-android-sdk:2.15.3] AndroidManifest.xml:19:9-94
148-->[com.paypal.sdk:paypal-android-sdk:2.15.3] AndroidManifest.xml:19:19-91
149        <activity android:name="com.paypal.android.sdk.payments.PayPalProfileSharingActivity" />
149-->[com.paypal.sdk:paypal-android-sdk:2.15.3] AndroidManifest.xml:20:9-97
149-->[com.paypal.sdk:paypal-android-sdk:2.15.3] AndroidManifest.xml:20:19-94
150        <activity android:name="com.paypal.android.sdk.payments.ProfileSharingConsentActivity" />
150-->[com.paypal.sdk:paypal-android-sdk:2.15.3] AndroidManifest.xml:21:9-98
150-->[com.paypal.sdk:paypal-android-sdk:2.15.3] AndroidManifest.xml:21:19-95
151
152        <service
152-->[com.paypal.sdk:paypal-android-sdk:2.15.3] AndroidManifest.xml:23:9-25:40
153            android:name="com.paypal.android.sdk.payments.PayPalService"
153-->[com.paypal.sdk:paypal-android-sdk:2.15.3] AndroidManifest.xml:24:13-73
154            android:exported="false" /> <!-- Needs to be explicitly declared on P+ -->
154-->[com.paypal.sdk:paypal-android-sdk:2.15.3] AndroidManifest.xml:25:13-37
155        <uses-library
155-->[com.google.android.gms:play-services-maps:17.0.0] AndroidManifest.xml:33:9-35:40
156            android:name="org.apache.http.legacy"
156-->[com.google.android.gms:play-services-maps:17.0.0] AndroidManifest.xml:34:13-50
157            android:required="false" />
157-->[com.google.android.gms:play-services-maps:17.0.0] AndroidManifest.xml:35:13-37
158
159        <activity
159-->[com.google.android.gms:play-services-base:17.0.0] AndroidManifest.xml:23:9-26:75
160            android:name="com.google.android.gms.common.api.GoogleApiActivity"
160-->[com.google.android.gms:play-services-base:17.0.0] AndroidManifest.xml:24:13-79
161            android:exported="false"
161-->[com.google.android.gms:play-services-base:17.0.0] AndroidManifest.xml:25:13-37
162            android:theme="@android:style/Theme.Translucent.NoTitleBar" />
162-->[com.google.android.gms:play-services-base:17.0.0] AndroidManifest.xml:26:13-72
163
164        <meta-data
164-->[com.google.android.gms:play-services-basement:17.0.0] AndroidManifest.xml:23:9-25:69
165            android:name="com.google.android.gms.version"
165-->[com.google.android.gms:play-services-basement:17.0.0] AndroidManifest.xml:24:13-58
166            android:value="@integer/google_play_services_version" />
166-->[com.google.android.gms:play-services-basement:17.0.0] AndroidManifest.xml:25:13-66
167
168        <provider
168-->[androidx.lifecycle:lifecycle-process:2.2.0] AndroidManifest.xml:25:9-29:43
169            android:name="androidx.lifecycle.ProcessLifecycleOwnerInitializer"
169-->[androidx.lifecycle:lifecycle-process:2.2.0] AndroidManifest.xml:26:13-79
170            android:authorities="com.example.theatreticketsapp.lifecycle-process"
170-->[androidx.lifecycle:lifecycle-process:2.2.0] AndroidManifest.xml:27:13-69
171            android:exported="false"
171-->[androidx.lifecycle:lifecycle-process:2.2.0] AndroidManifest.xml:28:13-37
172            android:multiprocess="true" />
172-->[androidx.lifecycle:lifecycle-process:2.2.0] AndroidManifest.xml:29:13-40
173
174        <activity
174-->[io.card:android-sdk:5.5.0] AndroidManifest.xml:20:9-22:66
175            android:name="io.card.payment.CardIOActivity"
175-->[io.card:android-sdk:5.5.0] AndroidManifest.xml:21:13-58
176            android:configChanges="keyboardHidden|orientation" />
176-->[io.card:android-sdk:5.5.0] AndroidManifest.xml:22:13-63
177        <activity android:name="io.card.payment.DataEntryActivity" />
177-->[io.card:android-sdk:5.5.0] AndroidManifest.xml:23:9-70
177-->[io.card:android-sdk:5.5.0] AndroidManifest.xml:23:19-67
178    </application>
179
180</manifest>